********************************************************************************
DUPLICATOR-LITE PACKAGE-LOG: June 26, 2021 2:05 pm
NOTICE: Do NOT post to public sites or forums 
********************************************************************************
VERSION:	1.4.1
WORDPRESS:	5.7.2
PHP INFO:	7.3.21 | SAPI: apache2handler
SERVER:		Apache/2.4.46 (Win64) PHP/7.3.21 
PHP TIME LIMIT: (0) no time limit imposed 
PHP MAX MEMORY: 4294967296 (128M default) 
MEMORY STACK: 4MB

********************************************************************************
DATABASE:
********************************************************************************
BUILD MODE:   PHP(query limit - 100)
MYSQLTIMEOUT: 5000
MYSQLDUMP:    Not Supported
TABLES: total:13 | filtered:0 | create:13
FILTERED: []
SQL CREATED: emastersforprofessionals_ab6832f5cb78d1977053_20210626140415_database.sql
SQL FILE SIZE: 911.23KB (933098)
SQL FILE TIME: 2021-06-26 14:05:31
SQL RUNTIME: 3.02 sec.

********************************************************************************
ARCHIVE (ZIP):
********************************************************************************
ARCHIVE DIR:  E:/Wamp/www/wordpress-5.7.1/wordpress
ARCHIVE FILE: emastersforprofessionals_ab6832f5cb78d1977053_20210626140415_archive.zip
FILTERS: *OFF*
DIRS:
	not set
FILES:
	not set
EXTS:  not set
----------------------------------------
COMPRESSING
SIZE:	67.24MB
STATS:	Dirs 444 | Files 2,957
SQL ADDED: emastersforprofessionals_ab6832f5cb78d1977053_20210626140415_database.sql
ZipArchive Object
(
    [status] => 0
    [statusSys] => 0
    [numFiles] => 3401
    [filename] => E:\Wamp\www\wordpress-5.7.1\wordpress\wp-content\backups-dup-lite\tmp\emastersforprofessionals_ab6832f5cb78d1977053_20210626140415_archive.zip
    [comment] => 
)

FILE ADDED TO ZIP: 3400
COMPRESSION RESULT: '1'
COMPRESSED SIZE: 25.16MB
ARCHIVE RUNTIME: 240.01 sec.
MEMORY STACK: 6MB
building installer
add_extra_files1
add_extra_files2
add_extra_files3
add_extra_files4
Doing archive file check
add_extra_files5
add_extra_files6
add_extra_files8
Successfully opened zip E:/Wamp/www/wordpress-5.7.1/wordpress/wp-content/backups-dup-lite/tmp/emastersforprofessionals_ab6832f5cb78d1977053_20210626140415_archive.zip
Adding enhanced installer files to archive using ZipArchive
Installer files added to archive
Added to archive
After ziparchive close when adding installer

********************************************************************************
INTEGRITY CHECKS:
********************************************************************************
SQL FILE: 911.23KB
INSTALLER FILE: 64.15KB
ARCHIVE FILE: 26.52MB 
EXPECTED FILE/DIRECTORY COUNT: 3,401
ACTUAL FILE/DIRECTORY COUNT: 3,400
ARCHIVE CONSISTENCY TEST: Pass

********************************************************************************
RECORD ID:[1]
TOTAL PROCESS RUNTIME: 247.47 sec.
PEAK PHP MEMORY USED: 6MB
DONE PROCESSING => emastersforprofessionals June 26, 2021 2:09 pm

